  stdafx.cpp
  Animation.cpp
  Application.cpp
  Console.cpp
  Font.cpp
C:\Users\Sunrin\Documents\GitHub\Terratrias\Code\Template\Font.cpp(49,10): warning C4244: '=': 'int'에서 'FLOAT'(으)로 변환하면서 데이터가 손실될 수 있습니다.
C:\Users\Sunrin\Documents\GitHub\Terratrias\Code\Template\Font.cpp(50,10): warning C4244: '=': 'int'에서 'FLOAT'(으)로 변환하면서 데이터가 손실될 수 있습니다.
  InputManager.cpp
C:\Users\Sunrin\Documents\GitHub\Terratrias\Code\Template\InputManager.cpp(42,27): warning C4244: '인수': 'LONG'에서 'FLOAT'(으)로 변환하면서 데이터가 손실될 수 있습니다.
C:\Users\Sunrin\Documents\GitHub\Terratrias\Code\Template\InputManager.cpp(42,22): warning C4244: '인수': 'LONG'에서 'FLOAT'(으)로 변환하면서 데이터가 손실될 수 있습니다.
  main.cpp
  MainScene.cpp
  Object.cpp
C:\Users\Sunrin\Documents\GitHub\Terratrias\Code\Template\Object.cpp(59,18): warning C4244: '+=': 'FLOAT'에서 'LONG'(으)로 변환하면서 데이터가 손실될 수 있습니다.
C:\Users\Sunrin\Documents\GitHub\Terratrias\Code\Template\Object.cpp(60,19): warning C4244: '+=': 'FLOAT'에서 'LONG'(으)로 변환하면서 데이터가 손실될 수 있습니다.
C:\Users\Sunrin\Documents\GitHub\Terratrias\Code\Template\Object.cpp(61,17): warning C4244: '+=': 'FLOAT'에서 'LONG'(으)로 변환하면서 데이터가 손실될 수 있습니다.
C:\Users\Sunrin\Documents\GitHub\Terratrias\Code\Template\Object.cpp(62,20): warning C4244: '+=': 'FLOAT'에서 'LONG'(으)로 변환하면서 데이터가 손실될 수 있습니다.
C:\Users\Sunrin\Documents\GitHub\Terratrias\Code\Template\Object.cpp(64,30): warning C4244: '+=': 'float'에서 'LONG'(으)로 변환하면서 데이터가 손실될 수 있습니다.
C:\Users\Sunrin\Documents\GitHub\Terratrias\Code\Template\Object.cpp(65,31): warning C4244: '+=': 'float'에서 'LONG'(으)로 변환하면서 데이터가 손실될 수 있습니다.
C:\Users\Sunrin\Documents\GitHub\Terratrias\Code\Template\Object.cpp(66,29): warning C4244: '+=': 'float'에서 'LONG'(으)로 변환하면서 데이터가 손실될 수 있습니다.
C:\Users\Sunrin\Documents\GitHub\Terratrias\Code\Template\Object.cpp(67,32): warning C4244: '+=': 'float'에서 'LONG'(으)로 변환하면서 데이터가 손실될 수 있습니다.
  Scene.cpp
  SceneManager.cpp
  SoundManager.cpp
C:\Users\Sunrin\Documents\GitHub\Terratrias\Code\Template\SoundManager.cpp(85,81): warning C4267: '초기화 중': 'size_t'에서 'unsigned int'(으)로 변환하면서 데이터가 손실될 수 있습니다.
C:\Users\Sunrin\Documents\GitHub\Terratrias\Code\Template\SoundManager.cpp(154,62): warning C4267: '=': 'size_t'에서 'unsigned int'(으)로 변환하면서 데이터가 손실될 수 있습니다.
  Sprite.cpp
  TextureManager.cpp
  코드를 생성하고 있습니다...
Application.obj : error LNK2019: Direct3DCreate9"public: void __cdecl Application::InitD3D(struct HWND__ *)" (?InitD3D@Application@@QEAAXPEAUHWND__@@@Z) 함수에서 참조되는 확인할 수 없는 외부 기호
Application.obj : error LNK2019: D3DXCreateSprite"public: void __cdecl Application::InitD3D(struct HWND__ *)" (?InitD3D@Application@@QEAAXPEAUHWND__@@@Z) 함수에서 참조되는 확인할 수 없는 외부 기호
Font.obj : error LNK2019: D3DXCreateFontIndirectW"public: __cdecl Font::Font(void)" (??0Font@@QEAA@XZ) 함수에서 참조되는 확인할 수 없는 외부 기호
Object.obj : error LNK2019: D3DXMatrixMultiply"public: struct D3DXMATRIX & __cdecl D3DXMATRIX::operator*=(struct D3DXMATRIX const &)" (??XD3DXMATRIX@@QEAAAEAU0@AEBU0@@Z) 함수에서 참조되는 확인할 수 없는 외부 기호
Object.obj : error LNK2019: D3DXMatrixTransformation2D"public: virtual void __cdecl Object::Render(void)" (?Render@Object@@UEAAXXZ) 함수에서 참조되는 확인할 수 없는 외부 기호
SoundManager.obj : error LNK2019: DirectSoundCreate8"public: bool __cdecl SoundManager::InitializeDirectSound(struct HWND__ *)" (?InitializeDirectSound@SoundManager@@QEAA_NPEAUHWND__@@@Z) 함수에서 참조되는 확인할 수 없는 외부 기호
SoundManager.obj : error LNK2001: 확인할 수 없는 외부 기호 IID_IDirectSoundBuffer8
TextureManager.obj : error LNK2019: D3DXCreateTextureFromFileExA"public: struct IDirect3DTexture9 * __cdecl TextureManager::LoadTextureFromFile(char const *)" (?LoadTextureFromFile@TextureManager@@QEAAPEAUIDirect3DTexture9@@PEBD@Z) 함수에서 참조되는 확인할 수 없는 외부 기호
C:\Program Files (x86)\Microsoft DirectX SDK (June 2010)\Lib\x86\d3d9.lib : warning LNK4272: 'x86' 라이브러리 컴퓨터 종류가 'x64' 대상 컴퓨터 종류와 충돌합니다.
C:\Program Files (x86)\Microsoft DirectX SDK (June 2010)\Lib\x86\d3dx9.lib : warning LNK4272: 'x86' 라이브러리 컴퓨터 종류가 'x64' 대상 컴퓨터 종류와 충돌합니다.
C:\Program Files (x86)\Microsoft DirectX SDK (June 2010)\Lib\x86\d3dx9d.lib : warning LNK4272: 'x86' 라이브러리 컴퓨터 종류가 'x64' 대상 컴퓨터 종류와 충돌합니다.
C:\Program Files (x86)\Microsoft DirectX SDK (June 2010)\Lib\x86\dsound.lib : warning LNK4272: 'x86' 라이브러리 컴퓨터 종류가 'x64' 대상 컴퓨터 종류와 충돌합니다.
C:\Program Files (x86)\Microsoft DirectX SDK (June 2010)\Lib\x86\dxguid.lib : warning LNK4272: 'x86' 라이브러리 컴퓨터 종류가 'x64' 대상 컴퓨터 종류와 충돌합니다.
C:\Users\Sunrin\Documents\GitHub\Terratrias\Code\x64\Debug\Template.exe : fatal error LNK1120: 8개의 확인할 수 없는 외부 참조입니다.
