  jkTest_Scene.cpp
C:\Users\user\OneDrive\Documents\GitHub\Terratrias\Code\Template\jkTest_Scene.h(13,18): warning C4244: '초기화 중': 'double'에서 'float'(으)로 변환하면서 데이터가 손실될 수 있습니다.
C:\Users\user\OneDrive\Documents\GitHub\Terratrias\Code\Template\Object.h(53,11): warning C4244: '=': 'PX'에서 'FLOAT'(으)로 변환하면서 데이터가 손실될 수 있습니다.
          with
          [
              PX=int
          ]
C:\Users\user\OneDrive\Documents\GitHub\Terratrias\Code\Template\jkTest_Scene.cpp(6): message : 컴파일되는 함수 템플릿 인스턴스화 'void Object::setPos<int,int>(PX,PY)'에 대한 참조를 확인하세요.
          with
          [
              PX=int,
              PY=int
          ]
C:\Users\user\OneDrive\Documents\GitHub\Terratrias\Code\Template\Object.h(54,11): warning C4244: '=': 'PY'에서 'FLOAT'(으)로 변환하면서 데이터가 손실될 수 있습니다.
          with
          [
              PY=int
          ]
  main.cpp
C:\Users\user\OneDrive\Documents\GitHub\Terratrias\Code\Template\jkTest_Scene.h(13,18): warning C4244: '초기화 중': 'double'에서 'float'(으)로 변환하면서 데이터가 손실될 수 있습니다.
  코드를 생성하고 있습니다...
  Template.vcxproj -> C:\Users\user\OneDrive\Documents\GitHub\Terratrias\Code\Debug\Template.exe
