d:\0 100\2_공부\2_10_github\terratrias\code\template\debug\vc142.pdb
d:\0 100\2_공부\2_10_github\terratrias\code\template\debug\vc142.idb
d:\0 100\2_공부\2_10_github\terratrias\code\template\debug\wall.obj
d:\0 100\2_공부\2_10_github\terratrias\code\template\debug\user.obj
d:\0 100\2_공부\2_10_github\terratrias\code\template\debug\topography.obj
d:\0 100\2_공부\2_10_github\terratrias\code\template\debug\space.obj
d:\0 100\2_공부\2_10_github\terratrias\code\template\debug\none.obj
d:\0 100\2_공부\2_10_github\terratrias\code\template\debug\manager.obj
d:\0 100\2_공부\2_10_github\terratrias\code\template\debug\main.obj
d:\0 100\2_공부\2_10_github\terratrias\code\template\debug\key.obj
d:\0 100\2_공부\2_10_github\terratrias\code\template\debug\jump.obj
d:\0 100\2_공부\2_10_github\terratrias\code\template\debug\js_main.obj
d:\0 100\2_공부\2_10_github\terratrias\code\template\debug\item.obj
d:\0 100\2_공부\2_10_github\terratrias\code\template\debug\hole.obj
d:\0 100\2_공부\2_10_github\terratrias\code\template\debug\glue.obj
d:\0 100\2_공부\2_10_github\terratrias\code\template\debug\cell.obj
d:\0 100\2_공부\2_10_github\terratrias\code\template\debug\boost.obj
d:\0 100\2_공부\2_10_github\terratrias\code\template\debug\bomb.obj
d:\0 100\2_공부\2_10_github\terratrias\code\template\debug\template.pch
d:\0 100\2_공부\2_10_github\terratrias\code\template\debug\stdafx.obj
d:\0 100\2_공부\2_10_github\terratrias\code\template\debug\sktest_scene.obj
d:\0 100\2_공부\2_10_github\terratrias\code\template\debug\texturemanager.obj
d:\0 100\2_공부\2_10_github\terratrias\code\template\debug\subscene.obj
d:\0 100\2_공부\2_10_github\terratrias\code\template\debug\stagescene.obj
d:\0 100\2_공부\2_10_github\terratrias\code\template\debug\sprite.obj
d:\0 100\2_공부\2_10_github\terratrias\code\template\debug\soundmanager.obj
d:\0 100\2_공부\2_10_github\terratrias\code\template\debug\scenemanager.obj
d:\0 100\2_공부\2_10_github\terratrias\code\template\debug\scene.obj
d:\0 100\2_공부\2_10_github\terratrias\code\template\debug\object.obj
d:\0 100\2_공부\2_10_github\terratrias\code\template\debug\mainscene.obj
d:\0 100\2_공부\2_10_github\terratrias\code\template\debug\inputmanager.obj
d:\0 100\2_공부\2_10_github\terratrias\code\template\debug\font.obj
d:\0 100\2_공부\2_10_github\terratrias\code\template\debug\console.obj
d:\0 100\2_공부\2_10_github\terratrias\code\template\debug\buttonfunction.obj
d:\0 100\2_공부\2_10_github\terratrias\code\template\debug\button.obj
d:\0 100\2_공부\2_10_github\terratrias\code\template\debug\basescene.obj
d:\0 100\2_공부\2_10_github\terratrias\code\template\debug\bfchangescene.obj
d:\0 100\2_공부\2_10_github\terratrias\code\template\debug\bfaddelsprite.obj
d:\0 100\2_공부\2_10_github\terratrias\code\template\debug\application.obj
d:\0 100\2_공부\2_10_github\terratrias\code\template\debug\animation.obj
d:\0 100\2_공부\2_10_github\terratrias\code\debug\template.exe
d:\0 100\2_공부\2_10_github\terratrias\code\debug\template.ilk
d:\0 100\2_공부\2_10_github\terratrias\code\debug\template.pdb
d:\0 100\2_공부\2_10_github\terratrias\code\template\debug\scenemanager.obj.enc
d:\0 100\2_공부\2_10_github\terratrias\code\template\debug\template.tlog\cl.command.1.tlog
d:\0 100\2_공부\2_10_github\terratrias\code\template\debug\template.tlog\cl.read.1.tlog
d:\0 100\2_공부\2_10_github\terratrias\code\template\debug\template.tlog\cl.write.1.tlog
d:\0 100\2_공부\2_10_github\terratrias\code\template\debug\template.tlog\link.command.1.tlog
d:\0 100\2_공부\2_10_github\terratrias\code\template\debug\template.tlog\link.read.1.tlog
d:\0 100\2_공부\2_10_github\terratrias\code\template\debug\template.tlog\link.write.1.tlog
